Synthetic data
w,b [ 0.11706922 -0.02383805] -0.015714285714285715
pred [0 0 0 0 0 0 0 0 1 0 0 1 1 1 0 0 0 1 0 0 1 0 1 0 0 1 1 1 0 0 1 0 1 1 0 0 1
 1 0 1 1 0 1 1 1 1 0 1 1 0 1 1 0 0 0 1 1 0 0 1 0 1 1 1 0 1 1 0 0 0 0 0 1 0
 1 0 1 1 0 1 0 0 1 1 1 0 0 0 1 1 1 1 0 0 1 0 0 1 1 0 1 1 0 1 0 1 0 0 0 1 1
 1 0 1 0 0 1 0 1 0 1 1 0 0 0 1 0 1 0 0 0 0 1 1 0 1 1 1 0 0 1 0 0 0 0 0 1 0
 1 1]
perceptron train acc: 0.994286, test acc: 1.000000
w,b [6.04876002 0.60204075] -0.22477442272851164
pred [0 0 0 0 0 0 0 0 1 0 0 1 1 1 0 0 0 1 0 0 1 0 1 0 0 1 1 1 0 0 1 0 1 1 0 0 1
 1 0 1 1 0 1 1 1 1 0 1 1 0 1 1 0 0 0 1 1 0 0 1 0 1 1 1 0 1 1 0 0 0 0 0 1 0
 1 0 1 1 0 1 0 0 1 1 1 0 0 0 1 1 1 1 0 0 1 0 0 1 1 0 1 1 0 1 0 1 0 0 0 1 1
 1 0 1 0 0 1 0 1 0 1 1 0 0 0 1 0 1 0 0 0 0 1 1 0 1 1 1 0 0 1 0 0 0 0 0 1 0
 1 1]
logistic train acc: 0.994286, test acc: 1.000000

Two Moon data
w,b [ 0.01693829 -0.1720001 ] -0.007142857142855619
pred [0 0 0 1 1 1 0 0 0 0 1 0 1 1 1 0 0 1 1 0 0 0 0 0 0 0 1 0 1 0 1 1 0 0 1 0 0
 1 1 1 0 1 0 0 0 0 1 0 1 0 0 1 0 0 0 0 0 1 0 1 0 1 1 0 1 0 0 0 0 0 0 0 1 1
 0 0 1 1 0 0 0 0 0 0 1 1 1 0 1 1 1 0 0 0 0 1 0 1 0 1 0 0 1 0 0 0 0 0 0 1 0
 0 0 0 0 0 0 0 1 0 1 1 0 0 0 1 0 0 1 1 1 0 0 0 0 0 1 0 0 0 1 0 0 1 0 1 1 0
 0 0]
perceptron train acc: 0.820000, test acc: 0.840000
w,b [ 1.23486861 -4.84671257] 0.5750803536186181
pred [1 0 0 1 1 1 0 0 0 0 1 0 1 1 1 0 0 1 1 0 0 1 1 0 0 0 1 0 1 0 1 1 0 0 1 1 0
 1 1 1 1 1 0 0 0 0 1 0 1 0 0 1 0 0 0 0 0 1 0 1 0 1 1 0 1 0 0 1 0 1 1 0 1 1
 0 0 1 1 0 0 1 0 0 1 1 1 1 0 1 1 1 0 0 0 0 1 0 1 0 1 0 1 1 0 0 0 0 0 1 1 1
 0 0 0 0 0 0 0 0 1 1 1 0 1 0 1 0 0 1 1 1 1 1 0 0 1 1 0 0 0 1 1 0 1 0 1 1 0
 0 0]
logistic train acc: 0.857143, test acc: 0.866667

Binarized MNIST data
w,b [ 0.00000000e+00  0.00000000e+00  0.00000000e+00  0.00000000e+00
  0.00000000e+00  0.00000000e+00  0.00000000e+00  0.00000000e+00
  0.00000000e+00  0.00000000e+00  0.00000000e+00  0.00000000e+00
  0.00000000e+00  0.00000000e+00  0.00000000e+00  0.00000000e+00
  0.00000000e+00  0.00000000e+00  0.00000000e+00  0.00000000e+00
  0.00000000e+00  0.00000000e+00  0.00000000e+00  0.00000000e+00
  0.00000000e+00  0.00000000e+00  0.00000000e+00  0.00000000e+00
  0.00000000e+00  0.00000000e+00  0.00000000e+00  0.00000000e+00
  0.00000000e+00  0.00000000e+00  0.00000000e+00 -3.98437500e-05
  8.75234375e-03  7.17339844e-02  5.45855469e-02  6.75941406e-02
  7.48582031e-02  2.87574219e-02  5.55105469e-02  2.32890625e-03
  3.79375000e-03  4.29402344e-02  3.93742187e-02  1.54769531e-02
  7.22929688e-03  0.00000000e+00  0.00000000e+00  0.00000000e+00
  0.00000000e+00  0.00000000e+00  0.00000000e+00  0.00000000e+00
  0.00000000e+00  0.00000000e+00  0.00000000e+00  0.00000000e+00
  0.00000000e+00  0.00000000e+00  1.15171875e-02  7.64984375e-02
  1.71189063e-01  4.50229687e-01  5.93191406e-01  5.57992969e-01
  6.29375391e-01  5.07306250e-01  3.46072656e-01  4.09126172e-01
  4.76561328e-01  4.36434766e-01  3.59681250e-01  3.41588672e-01
  3.82724219e-01  2.44852344e-01  8.86199219e-02  4.92187500e-04
  0.00000000e+00  0.00000000e+00  0.00000000e+00  0.00000000e+00
  0.00000000e+00  0.00000000e+00  0.00000000e+00  0.00000000e+00
  0.00000000e+00  4.08984375e-04  2.01039062e-02  1.51651172e-01
  2.85858594e-01  3.62938672e-01  3.01376953e-01  1.85080859e-01
  2.35211328e-01  1.63709375e-01  2.16982813e-01  5.77738281e-01
  5.76282422e-01  4.87512500e-01  5.32303906e-01  7.16826563e-01
  7.04883984e-01  5.73653516e-01  3.32210156e-01  1.13981250e-01
  5.42468750e-02  0.00000000e+00  0.00000000e+00  0.00000000e+00
  0.00000000e+00  0.00000000e+00  0.00000000e+00  0.00000000e+00
 -6.90000000e-03 -1.11362500e-01 -8.33273438e-02  2.45183594e-02
 -1.10417969e-02  1.30309375e-01  2.93484766e-01  1.34303516e-01
 -5.12652344e-02 -7.58027344e-02 -2.80571484e-01 -1.67726953e-01
 -2.33123828e-01 -1.17376563e-01  1.89869141e-01  1.33814063e-01
  1.87769922e-01  4.35169922e-01  2.85207422e-01  2.74108984e-01
  1.16304297e-01  4.85683594e-02  5.63074219e-02  1.06804687e-02
  0.00000000e+00  0.00000000e+00  7.82109375e-03 -2.43507812e-02
 -1.03606641e-01 -2.17710156e-01 -2.26139063e-01 -1.14736328e-01
 -3.96410156e-02 -3.03007812e-02 -5.17196875e-01 -1.35213672e-01
  6.22617188e-02 -7.76406250e-03  4.19519531e-02 -2.43015625e-02
  7.71445313e-03 -1.25370313e-01 -1.83542187e-01  1.22839453e-01
  3.03113281e-02  2.34237500e-01  3.13593359e-01  9.51773437e-02
  8.43546875e-02  9.37070313e-03  4.61339844e-02  1.57664063e-02
  0.00000000e+00  0.00000000e+00  2.87109375e-03 -1.04139453e-01
 -1.91137500e-01 -7.95925781e-02 -1.91017188e-01 -3.37031250e-02
  2.30491016e-01 -2.52138672e-01 -2.75853125e-01  6.14449219e-02
 -5.32218750e-02  2.62025391e-01  8.55468750e-04 -8.52179687e-02
  2.27952734e-01  1.04063281e-01 -2.22804688e-02 -1.99697266e-01
 -1.15596875e-01 -1.26403125e-01  2.93571484e-01  2.11978516e-01
  1.20387891e-01  9.11730469e-02  1.03433594e-02  2.34761719e-02
  0.00000000e+00 -4.67851563e-03  5.21484375e-03 -3.95535156e-02
 -2.25953125e-02  1.07847656e-02 -1.77908984e-01  4.21908594e-01
  1.86248437e-01  2.91500781e-01  2.79778516e-01  3.18106641e-01
 -1.50001562e-01 -3.13355469e-02  7.61160156e-02  1.38514453e-01
  3.24605469e-02  1.25479688e-01 -2.55906250e-02 -3.46305469e-01
  1.17661328e-01  6.96027344e-02  5.04410156e-02  1.87303125e-01
  6.19022266e-01  2.39453125e-01 -4.19109375e-02  8.47500000e-03
  0.00000000e+00 -5.43476562e-03  3.90250000e-02  1.00183984e-01
 -3.52503906e-02 -3.43688281e-01 -3.27979297e-01  3.71313281e-01
 -4.48160156e-02  2.61589844e-01  1.72260156e-01 -6.23941406e-02
  5.05335938e-02 -5.69941406e-02  1.82120703e-01 -5.21253906e-02
  3.39453125e-04 -1.14396484e-01 -1.18848438e-01 -1.66371094e-02
  1.46018750e-01  7.21835937e-03 -3.59981250e-01  2.72576172e-01
  8.91520703e-01  5.00462500e-01 -3.14960938e-03  6.15234375e-04
  0.00000000e+00 -6.11718750e-03  1.00412891e-01  4.16394531e-02
  7.55667969e-02 -1.11644531e-01 -3.89144531e-02  2.55837109e-01
 -6.41292969e-02  2.09738672e-01  1.52419141e-01  3.29135937e-01
  3.87304688e-03  2.85623828e-01 -6.35394531e-02 -1.95618359e-01
 -3.74348828e-01 -1.04997656e-01 -1.81378516e-01 -2.35826563e-01
  9.45039063e-03 -9.75972656e-02 -1.36371094e-02  2.35122656e-01
  9.23927344e-01  6.66289062e-01  3.00953125e-02  8.85546875e-04
  0.00000000e+00 -1.49101563e-03  2.28929688e-02 -6.48113281e-02
  3.08811719e-01  2.35623047e-01  5.76416797e-01  2.19164453e-01
  1.12049219e-01  2.63671875e-03  2.85389062e-01  3.51482422e-01
  8.73824219e-02  3.68536719e-01  1.44186328e-01 -2.63740234e-01
  3.32097656e-02 -1.01348047e-01 -1.12830859e-01 -1.54687500e-03
 -1.87909766e-01  2.18984375e-02 -1.68921484e-01  3.61933594e-01
  6.13017187e-01  6.27217187e-01  7.47792969e-02  5.74218750e-04
  0.00000000e+00  2.71015625e-03  1.46382812e-02  4.76781250e-02
  2.67544922e-01  4.17021094e-01  3.66044141e-01  5.12401953e-01
  3.33721875e-01  4.06688672e-01  6.08466016e-01  1.57451172e-01
  1.97118750e-01  2.91624609e-01 -2.80223828e-01 -3.84953125e-01
  1.58187109e-01 -3.25958203e-01 -1.01544141e-01 -4.31071094e-01
 -1.88186719e-01 -6.08406250e-02 -2.99776172e-01 -2.16131250e-01
  2.85242188e-01  2.24154297e-01 -1.52695312e-02  0.00000000e+00
  0.00000000e+00  4.80468750e-03  1.11730469e-02  2.03117969e-01
  3.05367187e-01  4.49089453e-01  3.03257422e-01  3.46895703e-01
  3.57097266e-01  1.37319922e-01 -2.73530859e-01  3.88682031e-01
  5.31678516e-01  3.63289062e-01  2.13773438e-02 -1.46206641e-01
 -3.99773437e-02  6.09222656e-02  2.71429688e-01 -5.78605469e-02
  3.45819531e-01  2.35000000e-03  5.40664062e-03 -6.12421875e-02
  3.44191406e-02 -1.36164063e-02 -8.63609375e-02  0.00000000e+00
 -4.62500000e-04  6.82812500e-04  6.76132812e-03  2.37362109e-01
  2.52458594e-01  2.67116797e-01  9.27128906e-02 -2.91433594e-02
  6.83917969e-02 -1.55726172e-01 -3.01335156e-01  1.09441016e-01
  2.91344531e-01 -2.39681250e-01 -1.27403516e-01  6.39862109e-01
  1.56651562e-01 -1.26332031e-02  2.58867188e-01  1.60442969e-01
  1.67470703e-01 -6.97812500e-03 -1.79050781e-02 -2.90738281e-02
 -1.93771094e-01 -1.37829687e-01 -1.73314062e-01  0.00000000e+00
  0.00000000e+00  0.00000000e+00  9.41406250e-05  1.18742187e-01
  6.94386719e-02 -1.61605469e-01 -3.66803906e-01 -1.56958984e-01
 -2.83168359e-01 -1.03859766e-01 -2.15812500e-01  1.15402734e-01
  5.46086328e-01 -3.48689062e-01  1.76096094e-01 -2.17715625e-01
  1.61291406e-01 -2.89292969e-02  2.99960938e-02 -1.75854297e-01
 -1.48787891e-01 -4.51344922e-01 -9.94398437e-02 -2.50195312e-03
 -4.90843750e-02 -9.16683594e-02 -1.59608984e-01  0.00000000e+00
  0.00000000e+00  0.00000000e+00 -5.77187500e-03  4.24902344e-02
 -2.44207422e-01 -2.58701172e-01 -3.65194531e-01 -7.04573047e-01
 -1.34976172e-01 -3.03781250e-01  1.05440625e-01 -1.94057813e-01
  2.37464844e-01 -3.18911719e-01 -2.29733203e-01  2.08300000e-01
  1.04796875e-02  1.42085938e-02  1.16601563e-02 -4.28185937e-01
 -1.31054687e-03 -4.96750000e-02 -4.13937500e-02 -4.33105469e-02
  9.22296875e-02  7.46984375e-02 -8.47128906e-02  0.00000000e+00
  0.00000000e+00  0.00000000e+00 -4.13046875e-03  3.01339844e-02
 -1.61120313e-01 -3.18201563e-01 -9.69226562e-02 -2.48410156e-01
  7.27500000e-03 -1.00730469e-02 -6.20554687e-02  2.23401953e-01
  1.50218750e-01  4.13382813e-02 -1.60117188e-03 -3.42882813e-02
  2.65689063e-01 -1.40687500e-01 -2.03526562e-01 -3.44348828e-01
 -8.34281250e-02 -9.90273438e-02  2.39133984e-01  5.67902344e-02
  4.91882813e-02 -2.90199219e-02 -4.13546875e-02  0.00000000e+00
  0.00000000e+00  0.00000000e+00  3.74960937e-03 -3.63285156e-02
  1.93828125e-02 -2.18654688e-01  4.69308594e-02 -4.03921875e-01
  1.55294141e-01 -6.21367187e-03  1.46679688e-02  2.72654297e-01
 -3.13157422e-01  1.07911328e-01 -2.02568750e-01 -2.03415625e-01
 -1.56587500e-01 -5.66046875e-02 -4.38476562e-03  2.23404297e-01
  2.80742187e-03 -1.71566406e-02  1.93854687e-01 -1.11235547e-01
 -2.71939453e-01 -2.02571875e-01 -8.97835937e-02 -3.71250000e-03
  0.00000000e+00  0.00000000e+00  7.43593750e-03 -1.32548828e-01
 -3.79101562e-03 -4.61976172e-01  7.78410156e-02 -2.64443359e-01
 -1.41064844e-01  2.75540234e-01  3.25564844e-01  2.52455859e-01
  5.54085938e-02 -3.57412500e-01  9.50984375e-02 -1.13650000e-01
 -8.37453125e-02  7.86664063e-02  4.57343750e-03 -2.50442578e-01
 -9.49687500e-03 -2.45151562e-01  1.43008203e-01 -4.38035156e-01
 -4.37450391e-01 -1.40654688e-01 -2.01812500e-02 -1.23750000e-03
  0.00000000e+00  0.00000000e+00 -1.11648438e-02 -2.60070703e-01
 -2.91409375e-01 -1.71881250e-01  2.40379297e-01  2.51335156e-01
  1.55720703e-01  1.01993359e-01  1.86069531e-01  3.91124219e-01
  5.91567188e-01 -4.67259766e-01 -1.77415625e-01 -2.08845703e-01
  2.59230859e-01 -9.16105469e-02 -4.49544922e-01  8.73179688e-02
 -3.65542969e-02 -3.54828125e-02 -1.87813672e-01 -6.22532422e-01
 -5.33041016e-01 -1.41079297e-01 -3.82355469e-02  0.00000000e+00
  0.00000000e+00  0.00000000e+00 -4.67382812e-03 -2.42757031e-01
 -4.90215625e-01 -1.57928906e-01 -2.60995312e-01  2.83435156e-01
 -9.03152344e-02 -1.06875781e-01 -9.49945313e-02 -7.09347656e-02
 -5.40453125e-02  2.21779297e-01 -9.52937500e-02 -2.39207812e-01
 -2.97697266e-01 -2.15413672e-01  1.61633203e-01 -2.94617578e-01
 -1.94656250e-02 -3.93949219e-02 -2.62786719e-01 -3.81208594e-01
 -3.68537500e-01 -1.57085938e-01 -3.05140625e-02  0.00000000e+00
  0.00000000e+00  0.00000000e+00 -8.18789063e-03 -1.56176172e-01
 -3.50084375e-01  4.04835938e-02 -2.94574219e-02 -4.79324219e-02
  1.74496094e-02 -1.88103906e-01  7.45628906e-02  6.67136719e-02
  4.62773438e-02  2.58159766e-01  1.14743750e-01 -4.72769531e-02
  2.14594141e-01  3.86035156e-02 -1.58580859e-01 -2.07213281e-01
 -1.78269531e-02 -2.50300781e-01 -2.47719922e-01 -2.08743750e-01
 -1.75023047e-01 -5.33339844e-02 -2.27832031e-02  0.00000000e+00
  0.00000000e+00  0.00000000e+00 -8.01679687e-03 -1.11541797e-01
 -2.56180469e-01 -8.94183594e-02 -2.62669141e-01 -1.77885547e-01
  3.53212500e-01  7.01332031e-02 -6.78437500e-02  1.32046875e-01
 -1.60990234e-01 -3.03191016e-01  1.84296875e-01 -5.52023437e-02
 -1.14937500e-01 -2.51467187e-01  7.15515625e-02 -6.28308594e-02
  1.26309766e-01 -1.84482031e-01 -1.08161328e-01 -1.51566016e-01
 -1.24878516e-01 -7.46371094e-02 -1.65347656e-02  0.00000000e+00
  0.00000000e+00  0.00000000e+00 -4.92890625e-03  1.49832031e-02
 -5.81875000e-03 -1.56082031e-01 -1.46399609e-01 -2.69465234e-01
 -1.09614063e-01 -1.48742188e-01 -9.96734375e-02  2.25410547e-01
  6.51433594e-02  2.46299219e-01 -4.65011719e-02 -2.63113672e-01
  1.83406250e-01  1.23148828e-01 -2.44642188e-01 -5.28000000e-02
  3.89742578e-01  2.68215625e-01  1.47226563e-01  1.84140625e-02
 -3.43093750e-02 -3.36460937e-02  0.00000000e+00  0.00000000e+00
  0.00000000e+00  0.00000000e+00  0.00000000e+00  2.23773437e-02
 -1.87468750e-02 -8.62269531e-02  1.43349609e-01  3.90038672e-01
  1.26247656e-01 -6.59714844e-02  1.99169531e-01 -1.37532031e-01
  1.40225000e-01 -1.63180078e-01 -6.58148438e-02  1.60825391e-01
 -1.04065625e-01 -5.02019531e-02  7.65273438e-03  2.71620313e-01
  4.15531641e-01  2.85664844e-01  1.17948438e-01  1.49871875e-01
  5.15085937e-02 -3.28125000e-03  0.00000000e+00  0.00000000e+00
  0.00000000e+00  0.00000000e+00  0.00000000e+00  1.25507812e-02
  4.09500000e-02  7.28500000e-02  3.29777344e-01  4.81271875e-01
  3.14287500e-01  5.55817578e-01  6.04883203e-01  7.57604297e-01
  6.02757031e-01  5.49950391e-01  7.25599609e-01  5.65964063e-01
  3.68409375e-01  7.09469531e-01  7.38728906e-01  6.92804687e-01
  4.54756250e-01  1.90830078e-01  5.30343750e-02  8.16835937e-03
  2.29890625e-02  0.00000000e+00  0.00000000e+00  0.00000000e+00
  0.00000000e+00  0.00000000e+00  0.00000000e+00  0.00000000e+00
  3.96093750e-03  7.76570312e-02  1.01846484e-01  1.12825000e-01
  2.22692969e-01  4.81566016e-01  4.77760937e-01  4.65014844e-01
  4.99279297e-01  7.06174609e-01  6.95260547e-01  5.56589063e-01
  5.00106641e-01  4.98640625e-01  3.77026563e-01  2.45196094e-01
  2.66862109e-01  1.23611328e-01  5.11093750e-03 -2.84812500e-02
 -7.62890625e-04  0.00000000e+00  0.00000000e+00  0.00000000e+00
  0.00000000e+00  0.00000000e+00  0.00000000e+00  0.00000000e+00
  0.00000000e+00  0.00000000e+00  3.44609375e-03  1.88699219e-02
  2.04343750e-02  7.56335938e-02  4.56144531e-02  2.25386719e-02
  1.06262109e-01  6.39808594e-02  8.50812500e-02  3.49000000e-02
  1.09046875e-02  3.75839844e-02  4.77078125e-02  3.08437500e-03
  2.63066406e-02  4.63750000e-03  0.00000000e+00  0.00000000e+00
  0.00000000e+00  0.00000000e+00  0.00000000e+00  0.00000000e+00] -1.1437999999999988
pred [1 1 0 1 0 0 0 1 1 0 0 0 1 0 0 1 0 0 1 0 0 0 1 1 0 0 1 0 1 1 0 0 1 1 1 0 0
 0 1 1 1 0 0 1 0 1 1 0 0 0 0 1 0 0 0 1 0 0 0 1 1 1 1 1 0 0 1 1 0 0 0 1 0 0
 1 1 1 0 1 1 0 0 0 1 0 0 0 1 0 0 1 1 1 1 1 0 0 1 0 1 1 1 1 1 1 0 1 0 1 0 0
 0 1 0 1 0 1 0 0 1 0 0 0 1 0 0 1 1 1 1 0 0 1 0 0 0 0 0 0 0 0 1 0 0 0 0 0 1
 1 0 1 0 1 1 0 0 0 1 0 0 0 1 0 0 0 0 1 1 0 0 1 1 0 1 0 1 1 1 0 1 0 0 0 1 0
 0 1 0 1 0 1 0 0 1 0 1 0 1 0 1 0 0 0 1 1 1 0 1 1 1 1 0 0 0 0 0 1 0 0 0 0 1
 0 1 1 0 1 1 0 1 1 1 1 0 0 1 0 1 0 1 0 0 1 1 1 0 1 0 0 1 0 1 1 1 1 0 1 0 0
 1 1 0 1 0 1 0 1 0 1 0 0 1 0 0 1 0 0 0 1 0 1 1 0 0 0 1 1 0 0 1 0 1 0 0 0 1
 0 1 0 1 1 1 0 1 0 1 0 0 1 1 0 0 1 0 1 0 0 0 1 0 0 0 1 0 0 1 1 1 0 0 0 0 0
 1 0 1 1 1 0 1 1 1 1 1 1 1 0 0 0 1 1 1 0 1 1 1 1 1 1 1 0 0 1 1 0 0 0 1 1 0
 1 1 0 0 0 0 1 1 0 0 0 0 1 1 0 0 0 1 0 1 0 0 0 1 1 1 1 0 1 0 0 0 1 0 1 1 1
 0 0 1 1 1 0 0 1 0 0 0 1 0 0 1 0 1 0 0 0 1 0 0 0 0 1 1 1 0 0 0 0 1 1 0 1 1
 0 0 1 1 0 0 1 0 0 1 1 1 1 1 1 0 1 0 0 0 0 1 0 0 1 1 0 1 0 0 1 0 0 1 0 1 1
 1 0 1 1 1 0 0 0 1 1 1 0 0 0 1 1 1 1 1 0 1 1 1 0 0 1 1 0 1 0 0 1 1 1 1 0 0
 1 1 1 1 0 1 0 0 0 1 1 0 0 0 0 0 1 0 0 0 0 1 0 1 1 0 0 1 1 1 1 1 1 0 0 1 0
 0 0 0 1 0 1 1 0 1 0 1 1 0 1 0 0 1 0 1 0 1 0 1 1 1 0 1 1 1 0 0 1 1 1 0 1 0
 0 0 0 1 1 1 1 1 1 1 1 1 0 1 0 0 1 1 0 0 0 1 0 0 0 1 1 1 1 0 1 1 1 1 1 0 0
 0 0 0 1 1 1 0 0 0 0 1 0 0 0 1 1 0 0 1 1 0 1 1 0 0 1 1 0 0 1 0 0 0 0 1 1 0
 1 1 0 1 1 1 0 1 1 0 1 0 1 0 1 0 1 0 1 0 0 1 0 1 1 1 0 0 1 0 0 0 1 0 0 0 1
 0 0 1 0 0 1 1 0 0 0 1 0 1 1 1 1 0 0 1 0 0 0 0 1 0 1 0 0 0 1 0 0 0 1 0 1 0
 1 0 0 1 0 0 0 0 0 0 0 0 1 1 0 1 1 0 1 0 0 1 1 0 0 0 1 0 1 1 1 0 1 0 0 1 1
 0 0 1 1 1 1 1 0 1 0 0 0 1 1 1 0 1 1 1 0 0 1 0 0 1 1 0 1 0 1 0 0 0 1 1 0 1
 0 0 1 1 1 0 0 1 1 1 0 1 1 0 1 1 1 0 1 1 0 0 1 1 1 0 1 1 1 1 0 1 1 0 0 1 1
 0 1 0 1 1 0 1 0 0 0 0 0 1 0 0 0 1 1 1 1 0 0 1 1 0 1 0 1 1 1 1 1 0 1 0 1 1
 1 1 1 1 1 0 0 0 1 1 1 1 0 0 0 0 1 0 1 1 1 0 1 1 0 1 0 0 0 0 1 1 1 1 0 0 0
 0 1 0 0 1 1 1 1 0 0 0 1 1 1 0 0 0 0 0 0 0 0 0 0 1 1 1 0 1 0 0 0 0 0 1 1 1
 0 1 0 1 1 1 0 0 1 1 1 1 0 0 0 0 1 0 0 1 1 1 0 0 1 1 1 1 1 0 0 0 0 0 1 1 0
 0]
perceptron train acc: 0.873400, test acc: 0.828000
w,b [ 0.00000000e+00  0.00000000e+00  0.00000000e+00  0.00000000e+00
  0.00000000e+00  0.00000000e+00  0.00000000e+00  0.00000000e+00
  0.00000000e+00  0.00000000e+00  0.00000000e+00  0.00000000e+00
  0.00000000e+00  0.00000000e+00  0.00000000e+00  0.00000000e+00
  0.00000000e+00  0.00000000e+00  0.00000000e+00  0.00000000e+00
  0.00000000e+00  0.00000000e+00  0.00000000e+00  0.00000000e+00
  0.00000000e+00  0.00000000e+00  0.00000000e+00  0.00000000e+00
  0.00000000e+00  0.00000000e+00  0.00000000e+00  0.00000000e+00
  0.00000000e+00  0.00000000e+00  0.00000000e+00 -1.26495838e-04
  3.16228487e-03  5.95791867e-02  5.50376237e-02  6.48669325e-02
  7.33817687e-02  3.54387763e-02  7.07503797e-02  9.65110971e-04
  2.82757871e-03  4.44533652e-02  4.48688191e-02  1.98138119e-02
  6.13134263e-03  0.00000000e+00  0.00000000e+00  0.00000000e+00
  0.00000000e+00  0.00000000e+00  0.00000000e+00  0.00000000e+00
  0.00000000e+00  0.00000000e+00  0.00000000e+00  0.00000000e+00
  0.00000000e+00  0.00000000e+00  1.20945849e-02  7.64308446e-02
  1.64989329e-01  4.36784858e-01  5.90592718e-01  5.71232166e-01
  6.42970299e-01  5.36873276e-01  3.90617215e-01  4.54990709e-01
  4.95647421e-01  4.38908824e-01  3.68590943e-01  3.56344480e-01
  3.90609652e-01  2.49731352e-01  9.48446103e-02  8.43019223e-04
  0.00000000e+00  0.00000000e+00  0.00000000e+00  0.00000000e+00
  0.00000000e+00  0.00000000e+00  0.00000000e+00  0.00000000e+00
  0.00000000e+00 -1.50023081e-03  2.17948520e-02  1.49987625e-01
  2.80540847e-01  3.47900005e-01  3.01156433e-01  1.85164357e-01
  2.42062605e-01  1.69019895e-01  2.18829976e-01  5.59512692e-01
  5.45441504e-01  4.88060454e-01  5.31019781e-01  7.14681972e-01
  6.78622852e-01  5.60886208e-01  3.31176004e-01  1.10621550e-01
  5.57016043e-02  0.00000000e+00  0.00000000e+00  0.00000000e+00
  0.00000000e+00  0.00000000e+00  0.00000000e+00  0.00000000e+00
 -6.84979037e-03 -1.17334110e-01 -9.17179258e-02  2.42827475e-02
 -3.24302049e-02  1.28953843e-01  2.91712964e-01  1.24480389e-01
 -4.95637226e-02 -5.95235041e-02 -2.88118201e-01 -1.86467270e-01
 -1.92557335e-01 -8.61812951e-02  1.93055880e-01  1.15827701e-01
  1.59754395e-01  3.84261341e-01  2.54162308e-01  2.78363115e-01
  1.09973610e-01  4.83583352e-02  6.02704773e-02  1.32561953e-02
  0.00000000e+00  0.00000000e+00  7.47147647e-03 -2.39798466e-02
 -9.80189672e-02 -2.03440395e-01 -2.11790869e-01 -9.46338565e-02
 -4.96987869e-02 -3.91475654e-02 -5.17223152e-01 -1.33773760e-01
  6.61042705e-02 -1.30210045e-02  2.96803448e-02 -7.32001104e-02
 -4.83854827e-02 -1.49191570e-01 -1.78103010e-01  1.39362045e-01
 -9.43095898e-03  2.01124481e-01  2.67777532e-01  1.13181708e-01
  1.16119075e-01  2.98436076e-02  5.46537418e-02  1.95686692e-02
  0.00000000e+00  0.00000000e+00  7.98391954e-03 -9.55025724e-02
 -1.93924932e-01 -9.10294326e-02 -2.13527254e-01 -2.79891119e-02
  2.25496728e-01 -2.79808855e-01 -2.83423803e-01  3.33533520e-02
 -6.55136212e-02  2.28208264e-01 -4.90764593e-04 -5.85301138e-02
  1.98643990e-01  8.63310136e-02 -3.03045835e-03 -2.12117698e-01
 -1.11624968e-01 -1.15555732e-01  2.70923477e-01  2.35679218e-01
  1.51637711e-01  1.37891407e-01  3.60903846e-02  3.12424712e-02
  0.00000000e+00 -4.04930776e-03  1.11660818e-02 -4.33511506e-02
 -5.78730899e-02 -1.22229107e-02 -1.93103374e-01  4.23744066e-01
  1.84476041e-01  2.75443682e-01  2.91520608e-01  3.80364765e-01
 -1.28689790e-01  2.23102793e-02  1.05520829e-01  1.54091833e-01
  6.31414617e-02  1.23523434e-01 -2.21569385e-02 -4.24776390e-01
  1.13951371e-01  5.13487094e-02  6.36929558e-03  2.10617032e-01
  6.44128996e-01  2.87632708e-01 -2.60289062e-02  9.20514990e-03
  0.00000000e+00 -3.00608544e-03  4.57496981e-02  9.28834669e-02
 -2.51127152e-02 -3.80036696e-01 -3.48837669e-01  3.44279263e-01
 -3.84832224e-02  2.28321205e-01  1.62299196e-01 -4.24897419e-02
  7.43276847e-02 -1.29770413e-02  2.34402211e-01 -8.13883661e-02
 -2.98963215e-02 -1.47797372e-01 -1.25549981e-01 -3.17777209e-02
  1.69806146e-01  1.63014410e-02 -3.84214420e-01  2.86687839e-01
  9.35522181e-01  5.54780654e-01  7.44759678e-03  1.42421173e-03
  0.00000000e+00 -4.24841124e-03  1.09202802e-01  4.78375499e-02
  9.92379242e-02 -1.02819298e-01  8.82214766e-03  2.73366181e-01
 -4.97467207e-02  2.18545206e-01  2.28242758e-01  3.58598000e-01
  8.99839796e-03  3.00074462e-01 -8.17341901e-02 -2.02461556e-01
 -3.78090195e-01 -1.12740581e-01 -1.87743120e-01 -2.45285928e-01
  1.62554602e-02 -9.94442915e-02 -4.47446801e-02  2.38948096e-01
  9.85009200e-01  7.14600275e-01  3.65195991e-02  2.44819240e-03
  0.00000000e+00  2.97739656e-04  3.65812368e-02 -4.36197642e-02
  3.21986736e-01  2.55540498e-01  6.08439817e-01  2.19794441e-01
  1.35979203e-01  1.99229754e-02  3.31122805e-01  4.50525439e-01
  1.19484572e-01  4.21539945e-01  1.28064228e-01 -2.81322260e-01
  7.25742198e-03 -1.25673430e-01 -7.75415876e-02 -2.02472878e-03
 -2.24480822e-01  1.22318288e-02 -1.95383864e-01  3.37772986e-01
  6.33652596e-01  6.70564779e-01  8.99832730e-02  1.79758484e-03
  0.00000000e+00  6.78954602e-03  2.31356172e-02  5.59175627e-02
  2.68643676e-01  4.50935573e-01  3.73704778e-01  4.86332705e-01
  3.24036484e-01  3.96231844e-01  5.96983053e-01  1.96125637e-01
  2.08602483e-01  3.54324076e-01 -3.37344087e-01 -4.47444502e-01
  1.43173193e-01 -3.19076337e-01 -1.11353411e-01 -4.47726997e-01
 -2.07113064e-01 -8.24769733e-02 -3.46787408e-01 -2.62926613e-01
  2.11872815e-01  2.31359735e-01 -9.99270984e-03  0.00000000e+00
  0.00000000e+00  8.80549781e-03  1.66960382e-02  1.97019605e-01
  3.13220785e-01  4.55825473e-01  2.73175179e-01  3.35236892e-01
  3.78308944e-01  1.93102657e-01 -2.76209847e-01  4.08007806e-01
  5.90092797e-01  3.84116429e-01 -7.69196924e-02 -1.62624570e-01
 -2.93152370e-02  6.48037415e-02  2.84581200e-01 -9.31891332e-02
  3.72902348e-01  7.93799998e-03 -3.13864668e-02 -1.00580950e-01
 -2.08199809e-03  8.63269167e-04 -7.89945731e-02  0.00000000e+00
 -1.06846304e-03  1.30406041e-03  9.59125423e-03  2.34591255e-01
  2.76762193e-01  2.72245515e-01  4.19817732e-02 -2.25337171e-02
  8.81068220e-02 -1.36916655e-01 -2.75092197e-01  1.36404243e-01
  3.79142826e-01 -2.33132837e-01 -2.16684009e-01  6.11738891e-01
  2.29359226e-01 -4.00065256e-02  3.00820950e-01  1.02078930e-01
  1.35720068e-01  1.28826210e-02 -4.14784076e-02 -4.34784303e-02
 -1.87197115e-01 -1.07658731e-01 -1.70381325e-01  0.00000000e+00
  0.00000000e+00  0.00000000e+00  2.34190494e-04  1.09224046e-01
  9.85827505e-02 -2.11553345e-01 -4.01738005e-01 -1.51807855e-01
 -3.27578807e-01 -9.90386342e-02 -1.91058258e-01  1.22943234e-01
  6.30583427e-01 -3.83401699e-01  1.07700800e-01 -1.99008810e-01
  2.12193864e-01  8.40527269e-03  5.33405313e-02 -2.08909343e-01
 -1.55045445e-01 -4.40114930e-01 -9.84555407e-02  1.84378383e-03
 -4.35054305e-02 -7.48340352e-02 -1.65683396e-01  0.00000000e+00
  0.00000000e+00  0.00000000e+00 -8.87890284e-03  2.95662041e-02
 -2.35680368e-01 -3.00782000e-01 -3.15052881e-01 -7.03357691e-01
 -2.06321463e-01 -3.38361945e-01  9.67102116e-02 -1.76298365e-01
  3.28387191e-01 -3.58761895e-01 -3.22062389e-01  2.07011925e-01
  9.85363675e-02  9.72691676e-03 -6.08658960e-03 -4.56457540e-01
 -8.97725477e-03 -3.55799687e-02 -4.37850450e-02 -5.78956160e-02
  8.80431351e-02  6.85631752e-02 -9.86194362e-02  0.00000000e+00
  0.00000000e+00  0.00000000e+00 -7.43795285e-03  1.89584166e-02
 -1.38565816e-01 -3.36541377e-01 -1.06287823e-01 -2.46658183e-01
 -9.42740979e-03  1.88573412e-02 -7.31386891e-02  2.42278422e-01
  1.85080324e-01  2.65231656e-02 -5.20527266e-02  1.84819047e-02
  2.49588435e-01 -1.54746001e-01 -2.08262409e-01 -3.41955574e-01
 -3.98865174e-02 -1.02063422e-01  2.08315974e-01  7.12392136e-02
  6.37923669e-02 -2.76529948e-02 -5.00728638e-02  0.00000000e+00
  0.00000000e+00  0.00000000e+00  3.58231738e-03 -3.97967114e-02
  4.49620850e-02 -2.27154845e-01  3.14045398e-02 -4.01681393e-01
  1.19026216e-01 -3.06951986e-02  9.97923996e-03  2.87682169e-01
 -3.34106260e-01  5.07424632e-03 -1.86182832e-01 -1.79791747e-01
 -1.94979642e-01 -5.09695337e-02  2.78595027e-03  1.75666042e-01
 -6.54767073e-03 -3.39389785e-02  1.71427694e-01 -1.29027056e-01
 -2.69273071e-01 -2.04635390e-01 -8.70011905e-02 -4.46778791e-03
  0.00000000e+00  0.00000000e+00  1.15773304e-02 -1.34809687e-01
  9.46913431e-04 -4.65740173e-01  1.03234703e-01 -2.65580837e-01
 -1.44490504e-01  2.10707702e-01  3.51909451e-01  3.57048548e-01
  4.91049719e-02 -4.07614203e-01  1.08371865e-01 -6.42021652e-02
 -5.41705094e-02  8.72253625e-02  7.05743178e-02 -2.97649666e-01
 -2.71791856e-02 -2.35425664e-01  1.04179221e-01 -4.65266137e-01
 -4.34349728e-01 -1.47105219e-01 -2.65510732e-02 -1.48926264e-03
  0.00000000e+00  0.00000000e+00 -1.27768312e-02 -2.47096649e-01
 -2.83979700e-01 -1.89950739e-01  2.21192163e-01  1.95136418e-01
  1.66447236e-01  9.94196877e-02  1.47231107e-01  3.71444196e-01
  6.14157251e-01 -4.79184941e-01 -1.94376215e-01 -2.15460198e-01
  2.28429263e-01 -1.11489406e-01 -4.29238432e-01  6.46533259e-02
 -3.88337888e-02 -3.10661245e-02 -2.10069534e-01 -6.39299575e-01
 -5.42545434e-01 -1.48288365e-01 -4.39685804e-02  0.00000000e+00
  0.00000000e+00  0.00000000e+00 -2.03830616e-03 -2.14072922e-01
 -4.62973772e-01 -1.43010760e-01 -2.34535876e-01  2.99655083e-01
 -1.27438639e-01 -1.14030672e-01 -1.31366756e-01 -8.17525328e-02
 -1.93618016e-02  2.75699945e-01 -1.07666921e-01 -2.22155946e-01
 -3.13855283e-01 -2.14862558e-01  1.09589551e-01 -3.21644097e-01
 -2.71076906e-03 -4.46777453e-02 -2.51758444e-01 -3.49755848e-01
 -3.58280609e-01 -1.57376666e-01 -2.92288663e-02  0.00000000e+00
  0.00000000e+00  0.00000000e+00 -3.61510396e-03 -1.35209755e-01
 -3.31586528e-01  3.76149323e-02 -1.10723103e-02 -6.68409579e-03
 -2.31143361e-02 -2.55151363e-01  6.49093360e-02  6.88026941e-02
  6.67975999e-02  2.99294322e-01  1.29460464e-01 -4.98678204e-02
  2.31941630e-01  5.91641097e-02 -1.10398147e-01 -2.23965915e-01
 -4.36204148e-02 -2.44559058e-01 -2.12922586e-01 -2.03411004e-01
 -1.76439975e-01 -6.19471607e-02 -2.14087739e-02  0.00000000e+00
  0.00000000e+00  0.00000000e+00 -5.85903843e-03 -1.05892388e-01
 -2.22202325e-01 -1.07552955e-01 -2.57583518e-01 -1.72583510e-01
  2.88676336e-01  6.67933236e-02 -7.81324343e-02  5.19746989e-02
 -2.23427527e-01 -3.42400062e-01  1.16760685e-01 -7.96708567e-02
 -1.77275878e-01 -2.60722029e-01  5.59139036e-02 -1.00549821e-01
  1.24112458e-01 -1.66951705e-01 -1.19762517e-01 -1.60368381e-01
 -1.25405434e-01 -7.95189384e-02 -1.61323251e-02  0.00000000e+00
  0.00000000e+00  0.00000000e+00 -3.57220389e-03  2.19954811e-02
 -5.48390166e-03 -1.51552515e-01 -1.40517840e-01 -2.48413298e-01
 -1.28820798e-01 -1.35243522e-01 -9.69558290e-02  2.29532739e-01
  1.23054477e-01  2.58390610e-01 -9.39714938e-02 -2.71949428e-01
  1.30656416e-01  9.04842012e-02 -2.85379480e-01 -6.03329390e-02
  3.90538315e-01  2.68192265e-01  1.25727810e-01  1.67754051e-02
 -3.12880121e-02 -2.85812173e-02  0.00000000e+00  0.00000000e+00
  0.00000000e+00  0.00000000e+00  0.00000000e+00  2.08861584e-02
 -1.35771575e-02 -8.53899902e-02  1.33137109e-01  3.83707543e-01
  1.59128045e-01 -4.73143890e-02  1.59926672e-01 -1.37875727e-01
  1.63961339e-01 -1.49735055e-01 -6.27337228e-02  1.72583277e-01
 -7.24973782e-02  1.28565924e-03  1.88516783e-02  2.89551804e-01
  4.20535767e-01  2.85879970e-01  1.05168699e-01  1.46998392e-01
  5.55597753e-02 -2.23822304e-03  0.00000000e+00  0.00000000e+00
  0.00000000e+00  0.00000000e+00  0.00000000e+00  1.18177309e-02
  4.59970990e-02  7.62170106e-02  3.16950342e-01  4.91063694e-01
  3.84796316e-01  6.13370715e-01  6.50315676e-01  8.65321867e-01
  6.72812299e-01  6.04742106e-01  8.54863212e-01  6.64754545e-01
  4.22520253e-01  8.08906259e-01  8.38579793e-01  7.60866996e-01
  4.97990114e-01  2.04758886e-01  5.05527547e-02  3.24338221e-03
  2.00271267e-02  0.00000000e+00  0.00000000e+00  0.00000000e+00
  0.00000000e+00  0.00000000e+00  0.00000000e+00  0.00000000e+00
  3.60580546e-03  7.45468538e-02  1.05907362e-01  1.32519984e-01
  2.79627788e-01  5.68334801e-01  5.78984457e-01  6.08597396e-01
  6.43408024e-01  8.31091517e-01  7.92057756e-01  6.60957929e-01
  6.03113767e-01  5.75600157e-01  4.11954644e-01  2.82871336e-01
  3.02921363e-01  1.32233931e-01  4.61681613e-03 -3.01691498e-02
 -8.08102227e-04  0.00000000e+00  0.00000000e+00  0.00000000e+00
  0.00000000e+00  0.00000000e+00  0.00000000e+00  0.00000000e+00
  0.00000000e+00  0.00000000e+00  5.35484609e-03  2.44755882e-02
  2.31440027e-02  8.13666302e-02  6.84363327e-02  4.68978275e-02
  1.37791088e-01  9.15979734e-02  1.00030564e-01  5.34891887e-02
  2.20726306e-02  4.20297453e-02  5.13342236e-02  6.38608861e-03
  3.99838839e-02  7.70305323e-03  0.00000000e+00  0.00000000e+00
  0.00000000e+00  0.00000000e+00  0.00000000e+00  0.00000000e+00] -1.2352171410831099
pred [1 0 0 1 0 0 0 1 1 0 0 0 0 0 0 1 0 0 0 0 0 0 1 1 0 0 1 0 1 1 0 0 1 1 1 0 0
 0 1 1 1 0 0 1 0 1 1 0 0 0 0 1 0 0 0 1 0 0 0 1 1 1 1 0 0 0 1 1 0 0 0 1 0 0
 1 1 1 0 1 1 0 0 0 0 0 0 1 1 0 0 1 1 1 1 1 0 0 1 0 1 1 1 1 1 1 0 1 0 1 0 0
 0 1 0 1 0 1 0 0 1 0 0 0 1 0 0 1 1 1 1 0 0 1 0 0 0 0 0 0 0 0 1 0 0 0 1 0 1
 1 0 1 0 1 1 0 0 0 1 0 0 0 1 0 0 0 0 1 1 0 0 1 1 0 1 0 1 1 1 0 1 0 0 0 1 0
 0 1 0 0 0 1 0 0 1 0 1 0 1 0 1 0 0 0 1 1 1 0 1 1 1 1 0 0 0 0 0 1 0 0 0 0 1
 0 1 1 0 1 1 0 1 1 1 1 0 0 1 0 1 0 1 0 0 1 1 1 0 1 0 0 1 0 1 1 1 1 0 1 0 0
 1 1 0 1 0 1 0 1 0 1 0 0 1 0 0 1 0 0 0 1 0 1 1 0 0 0 1 1 0 0 0 0 1 0 0 0 1
 0 1 0 1 1 1 0 1 0 1 0 0 1 1 0 0 0 0 1 0 0 0 1 0 0 0 1 0 0 1 1 1 0 0 0 0 0
 1 0 1 1 1 0 1 0 1 1 1 1 1 0 0 1 1 1 1 0 1 0 0 1 1 1 1 0 0 1 1 0 0 0 1 1 0
 1 1 0 0 0 0 1 1 0 0 0 0 1 1 0 0 0 1 0 1 0 0 0 1 1 1 1 0 1 0 0 0 1 0 1 1 1
 0 0 1 1 1 0 0 1 0 0 0 1 0 0 1 0 1 1 0 0 1 0 0 0 0 1 1 1 0 0 0 0 1 1 0 1 0
 0 1 1 1 0 0 1 0 0 1 1 1 1 1 1 0 1 0 0 0 0 1 0 0 1 1 0 1 0 0 1 0 0 1 0 1 1
 1 0 1 1 1 0 0 0 1 1 1 0 0 0 1 1 1 0 1 0 1 1 1 0 0 1 1 0 1 0 0 1 0 1 1 0 1
 1 1 1 1 0 1 0 0 0 0 1 0 0 0 0 0 1 0 0 0 0 1 1 1 1 0 0 1 1 1 1 1 1 0 0 1 0
 0 0 0 1 0 1 1 0 1 0 1 1 0 1 0 0 1 0 1 0 0 0 0 1 1 0 1 1 1 0 0 1 1 1 0 1 0
 0 0 0 1 0 1 1 1 1 1 0 1 0 1 0 0 0 1 0 0 0 1 0 0 0 1 1 1 1 0 1 1 1 1 1 0 0
 0 0 0 1 1 1 0 0 0 0 1 0 0 0 1 1 0 0 1 1 0 1 1 0 0 1 1 0 0 1 0 0 0 0 1 1 0
 1 1 0 1 1 1 0 1 1 0 1 0 1 0 1 0 1 0 1 0 0 1 0 1 1 0 0 0 1 0 0 0 1 0 0 0 1
 0 0 0 0 0 1 1 0 0 0 0 0 1 1 1 1 0 0 1 0 0 0 0 1 0 1 0 0 0 1 0 0 0 1 0 1 0
 1 0 0 1 0 0 0 0 0 0 0 0 1 1 0 1 1 0 1 0 0 1 1 0 0 0 1 0 1 1 1 0 1 0 0 1 1
 0 0 1 1 1 1 1 0 1 0 0 0 1 1 1 0 1 1 1 0 0 1 0 0 1 1 0 1 0 1 0 0 0 1 1 0 1
 0 0 1 1 1 0 0 1 1 1 0 1 1 0 1 0 1 0 1 1 0 0 1 1 1 0 1 1 0 1 0 1 1 0 0 1 1
 0 1 0 1 1 0 1 0 0 0 0 0 1 0 0 0 1 1 1 1 0 0 1 1 0 1 0 1 1 1 1 0 0 1 0 1 1
 1 1 1 0 1 0 0 0 1 1 1 1 0 0 0 1 1 0 1 1 1 0 1 1 0 0 0 0 0 0 1 1 1 1 0 0 0
 0 1 0 0 1 1 1 1 0 0 0 1 1 1 0 0 0 0 0 0 0 0 0 0 1 1 0 0 1 0 0 0 0 0 1 1 1
 0 1 0 1 1 1 0 0 0 1 1 1 0 0 0 0 1 0 0 1 1 1 0 0 1 1 1 1 1 0 0 0 0 0 1 1 0
 0]
logistic train acc: 0.871000, test acc: 0.834000

